<?xml version="1.0" encoding="UTF-8"?>
<!-- Generated by org.testng.reporters.JUnitXMLReporter -->
<testsuite ignored="1" hostname="LAPTOP-0GFGS3J5" failures="4" tests="7" name="LoginTestCases" time="22.641" errors="0" timestamp="2024-05-04T07:51:18 IST">
  <testcase classname="testngbasics.BasicTestCase" name="verify_title" time="0.06">
    <failure type="java.lang.AssertionError" message="expected [https://www.amazon.in/] but found [Online Shopping site in India: Shop Online for Mobiles, Books, Watches, Shoes and More - Amazon.in]">
      <![CDATA[java.lang.AssertionError: expected [https://www.amazon.in/] but found [Online Shopping site in India: Shop Online for Mobiles, Books, Watches, Shoes and More - Amazon.in]
at testngbasics.BasicTestCase.verify_title(BasicTestCase.java:32)
at java.base/java.util.ArrayList.forEach(ArrayList.java:1511)
... Removed 33 stack frames]]>
    </failure>
  </testcase> <!-- verify_title -->
  <testcase classname="testngbasics.BasicTestCase" name="verify_url" time="0.03"/>
  <testcase classname="testngbasics.CheckBoxTestcase" name="verify_single_checkBox_header_text" time="0.062">
    <failure type="java.lang.AssertionError" message="expected [Single Checkbox Demo11] but found [Single Checkbox Demo]">
      <![CDATA[java.lang.AssertionError: expected [Single Checkbox Demo11] but found [Single Checkbox Demo]
at testngbasics.CheckBoxTestcase.verify_single_checkBox_header_text(CheckBoxTestcase.java:32)
at java.base/java.util.ArrayList.forEach(ArrayList.java:1511)
... Removed 33 stack frames]]>
    </failure>
  </testcase> <!-- verify_single_checkBox_header_text -->
  <testcase classname="testngbasics.CheckBoxTestcase" name="verify_single_checkBox_header_text" time="0.051">
    <failure type="java.lang.AssertionError" message="expected [Single Checkbox Demo11] but found [Single Checkbox Demo]">
      <![CDATA[java.lang.AssertionError: expected [Single Checkbox Demo11] but found [Single Checkbox Demo]
at testngbasics.CheckBoxTestcase.verify_single_checkBox_header_text(CheckBoxTestcase.java:32)
at java.base/java.util.ArrayList.forEach(ArrayList.java:1511)
... Removed 33 stack frames]]>
    </failure>
  </testcase> <!-- verify_single_checkBox_header_text -->
  <testcase classname="testngbasics.CheckBoxTestcase" name="verify_single_checkBox_label" time="0.05"/>
  <testcase classname="testngbasics.CheckBoxTestcase" name="verify_multiple_checkBox_header_text" time="0.05"/>
  <testcase classname="testngbasics.softAssertExample" name="verify_LikeUsOnFacebook_text_title" time="0.05">
    <failure type="java.lang.AssertionError" message="The following asserts failed:
	expected [Like us On Facebook11] but found [Like us On Facebook],
	expected [Follow @obsqurazone on Facebook11] but found [Follow @obsqurazone on Facebook]">
      <![CDATA[java.lang.AssertionError: The following asserts failed:
expected [Like us On Facebook11] but found [Like us On Facebook],
expected [Follow @obsqurazone on Facebook11] but found [Follow @obsqurazone on Facebook]
at testngbasics.softAssertExample.verify_LikeUsOnFacebook_text_title(softAssertExample.java:38)
at java.base/java.util.ArrayList.forEach(ArrayList.java:1511)
... Removed 29 stack frames]]>
    </failure>
  </testcase> <!-- verify_LikeUsOnFacebook_text_title -->
  <testcase classname="testngbasics.CheckBoxTestcase" name="verify_single_check_box_displayed" time="0.0">
    <ignored/>
  </testcase> <!-- verify_single_check_box_displayed -->
</testsuite> <!-- LoginTestCases -->
